2022-01-19 14:06:14 - MOD: Modification Default

FILE: system/engine/action.php
REGEX: ~(require|include)(_once)?\(([^)]+)~
LINE: 69

FILE: system/engine/loader.php
REGEX: ~(require|include)(_once)?\(([^)]+)~
LINE: 77
LINE: 151
LINE: 168

FILE: system/library/config.php
REGEX: ~(require|include)(_once)?\(([^)]+)~
LINE: 59

FILE: system/library/language.php
REGEX: ~(require|include)(_once)?\(([^)]+)~
LINE: 67
LINE: 73

FILE: system/library/template/template.php
REGEX: ~(require|include)(_once)?\(([^)]+)~
LINE: 18

FILE: system/library/template/twig.php
CODE: if (is_file($file)) {
LINE: 13
----------------------------------------------------------------
MOD: SVG-support

FILE: admin/controller/common/filemanager.php
CODE: jpg,jpeg,png,gif,JPG,JPEG,PNG,GIF
LINE: 59
CODE: 'jpg',
LINE: 259
CODE: 'image/jpeg',
LINE: 272

FILE: admin/model/tool/image.php
CODE: $extension = pathinfo($filename, PATHINFO_EXTENSION);
LINE: 15

FILE: catalog/model/tool/image.php
CODE: $extension = pathinfo($filename, PATHINFO_EXTENSION);
LINE: 15
----------------------------------------------------------------
